This is pdfTeX, Version 3.14159265-2.6-1.40.15 (TeX Live 2014) (preloaded format=pdflatex 2014.5.25)  30 MAY 2016 22:28
entering extended mode
 restricted \write18 enabled.
 %&-line parsing enabled.
**message.tex
(./message.tex
LaTeX2e <2014/05/01>
Babel <3.9k> and hyphenation patterns for 78 languages loaded.
(/usr/local/texlive/2014/texmf-dist/tex/latex/base/article.cls
Document Class: article 2007/10/19 v1.4h Standard LaTeX document class
(/usr/local/texlive/2014/texmf-dist/tex/latex/base/size10.clo
File: size10.clo 2007/10/19 v1.4h Standard LaTeX file (size option)
)
\c@part=\count79
\c@section=\count80
\c@subsection=\count81
\c@subsubsection=\count82
\c@paragraph=\count83
\c@subparagraph=\count84
\c@figure=\count85
\c@table=\count86
\abovecaptionskip=\skip41
\belowcaptionskip=\skip42
\bibindent=\dimen102
)
(/usr/local/texlive/2014/texmf-dist/tex/latex/preprint/fullpage.sty
Package: fullpage 1999/02/23 1.1 (PWD)
\FP@margin=\skip43
)
(/usr/local/texlive/2014/texmf-dist/tex/latex/tools/verbatim.sty
Package: verbatim 2003/08/22 v1.5q LaTeX2e package for verbatim enhancements
\every@verbatim=\toks14
\verbatim@line=\toks15
\verbatim@in@stream=\read1
)
(/usr/local/texlive/2014/texmf-dist/tex/latex/graphics/graphicx.sty
Package: graphicx 2014/04/25 v1.0g Enhanced LaTeX Graphics (DPC,SPQR)

(/usr/local/texlive/2014/texmf-dist/tex/latex/graphics/keyval.sty
Package: keyval 2014/05/08 v1.15 key=value parser (DPC)
\KV@toks@=\toks16
)
(/usr/local/texlive/2014/texmf-dist/tex/latex/graphics/graphics.sty
Package: graphics 2009/02/05 v1.0o Standard LaTeX Graphics (DPC,SPQR)

(/usr/local/texlive/2014/texmf-dist/tex/latex/graphics/trig.sty
Package: trig 1999/03/16 v1.09 sin cos tan (DPC)
)
(/usr/local/texlive/2014/texmf-dist/tex/latex/latexconfig/graphics.cfg
File: graphics.cfg 2010/04/23 v1.9 graphics configuration of TeX Live
)
Package graphics Info: Driver file: pdftex.def on input line 91.

(/usr/local/texlive/2014/texmf-dist/tex/latex/pdftex-def/pdftex.def
File: pdftex.def 2011/05/27 v0.06d Graphics/color for pdfTeX

(/usr/local/texlive/2014/texmf-dist/tex/generic/oberdiek/infwarerr.sty
Package: infwarerr 2010/04/08 v1.3 Providing info/warning/error messages (HO)
)
(/usr/local/texlive/2014/texmf-dist/tex/generic/oberdiek/ltxcmds.sty
Package: ltxcmds 2011/11/09 v1.22 LaTeX kernel commands for general use (HO)
)
\Gread@gobject=\count87
))
\Gin@req@height=\dimen103
\Gin@req@width=\dimen104
)
(./message.aux)
\openout1 = `message.aux'.

LaTeX Font Info:    Checking defaults for OML/cmm/m/it on input line 5.
LaTeX Font Info:    ... okay on input line 5.
LaTeX Font Info:    Checking defaults for T1/cmr/m/n on input line 5.
LaTeX Font Info:    ... okay on input line 5.
LaTeX Font Info:    Checking defaults for OT1/cmr/m/n on input line 5.
LaTeX Font Info:    ... okay on input line 5.
LaTeX Font Info:    Checking defaults for OMS/cmsy/m/n on input line 5.
LaTeX Font Info:    ... okay on input line 5.
LaTeX Font Info:    Checking defaults for OMX/cmex/m/n on input line 5.
LaTeX Font Info:    ... okay on input line 5.
LaTeX Font Info:    Checking defaults for U/cmr/m/n on input line 5.
LaTeX Font Info:    ... okay on input line 5.

(/usr/local/texlive/2014/texmf-dist/tex/context/base/supp-pdf.mkii
[Loading MPS to PDF converter (version 2006.09.02).]
\scratchcounter=\count88
\scratchdimen=\dimen105
\scratchbox=\box26
\nofMPsegments=\count89
\nofMParguments=\count90
\everyMPshowfont=\toks17
\MPscratchCnt=\count91
\MPscratchDim=\dimen106
\MPnumerator=\count92
\makeMPintoPDFobject=\count93
\everyMPtoPDFconversion=\toks18
) (/usr/local/texlive/2014/texmf-dist/tex/generic/oberdiek/pdftexcmds.sty
Package: pdftexcmds 2011/11/29 v0.20 Utility functions of pdfTeX for LuaTeX (HO
)

(/usr/local/texlive/2014/texmf-dist/tex/generic/oberdiek/ifluatex.sty
Package: ifluatex 2010/03/01 v1.3 Provides the ifluatex switch (HO)
Package ifluatex Info: LuaTeX not detected.
)
(/usr/local/texlive/2014/texmf-dist/tex/generic/oberdiek/ifpdf.sty
Package: ifpdf 2011/01/30 v2.3 Provides the ifpdf switch (HO)
Package ifpdf Info: pdfTeX in PDF mode is detected.
)
Package pdftexcmds Info: LuaTeX not detected.
Package pdftexcmds Info: \pdf@primitive is available.
Package pdftexcmds Info: \pdf@ifprimitive is available.
Package pdftexcmds Info: \pdfdraftmode found.
)
(/usr/local/texlive/2014/texmf-dist/tex/latex/oberdiek/epstopdf-base.sty
Package: epstopdf-base 2010/02/09 v2.5 Base part for package epstopdf

(/usr/local/texlive/2014/texmf-dist/tex/latex/oberdiek/grfext.sty
Package: grfext 2010/08/19 v1.1 Manage graphics extensions (HO)

(/usr/local/texlive/2014/texmf-dist/tex/generic/oberdiek/kvdefinekeys.sty
Package: kvdefinekeys 2011/04/07 v1.3 Define keys (HO)
))
(/usr/local/texlive/2014/texmf-dist/tex/latex/oberdiek/kvoptions.sty
Package: kvoptions 2011/06/30 v3.11 Key value format for package options (HO)

(/usr/local/texlive/2014/texmf-dist/tex/generic/oberdiek/kvsetkeys.sty
Package: kvsetkeys 2012/04/25 v1.16 Key value parser (HO)

(/usr/local/texlive/2014/texmf-dist/tex/generic/oberdiek/etexcmds.sty
Package: etexcmds 2011/02/16 v1.5 Avoid name clashes with e-TeX commands (HO)
Package etexcmds Info: Could not find \expanded.
(etexcmds)             That can mean that you are not using pdfTeX 1.50 or
(etexcmds)             that some package has redefined \expanded.
(etexcmds)             In the latter case, load this package earlier.
)))
Package grfext Info: Graphics extension search list:
(grfext)             [.png,.pdf,.jpg,.mps,.jpeg,.jbig2,.jb2,.PNG,.PDF,.JPG,.JPE
G,.JBIG2,.JB2,.eps]
(grfext)             \AppendGraphicsExtensions on input line 452.

(/usr/local/texlive/2014/texmf-dist/tex/latex/latexconfig/epstopdf-sys.cfg
File: epstopdf-sys.cfg 2010/07/13 v1.3 Configuration of (r)epstopdf for TeX Liv
e
))
File: message1.txt  (verbatim)

Overfull \hbox (24.24522pt too wide) in paragraph at lines 13--13
[]\OT1/cmtt/m/n/12 01001111 01010000 01000101 01010010 01000001 01010100 010010
01 01001111 01001110[] 
 []

<../../afferent.pdf, id=1, 121.8954pt x 107.2005pt>
File: ../../afferent.pdf Graphic file (type pdf)
 <use ../../afferent.pdf>
Package pdftex.def Info: ../../afferent.pdf used on input line 15.
(pdftex.def)             Requested size: 36.5689pt x 32.16039pt.
LaTeX Font Info:    External font `cmex10' loaded for size
(Font)              <12> on input line 18.
LaTeX Font Info:    External font `cmex10' loaded for size
(Font)              <8> on input line 18.
LaTeX Font Info:    External font `cmex10' loaded for size
(Font)              <6> on input line 18.
File: message2.txt  (verbatim)

Overfull \hbox (24.24522pt too wide) in paragraph at lines 27--27
[]\OT1/cmtt/m/n/12 01001111 01010000 01000101 01010010 01000001 01010100 010010
01 01001111 01001110[] 
 []

File: ../../afferent.pdf Graphic file (type pdf)
<use ../../afferent.pdf>
Package pdftex.def Info: ../../afferent.pdf used on input line 29.
(pdftex.def)             Requested size: 36.5689pt x 32.16039pt.
File: message3.txt  (verbatim)

Overfull \hbox (24.24522pt too wide) in paragraph at lines 41--41
[]\OT1/cmtt/m/n/12 01001111 01010000 01000101 01010010 01000001 01010100 010010
01 01001111 01001110[] 
 []

File: ../../afferent.pdf Graphic file (type pdf)
<use ../../afferent.pdf>
Package pdftex.def Info: ../../afferent.pdf used on input line 43.
(pdftex.def)             Requested size: 36.5689pt x 32.16039pt.
File: message4.txt  (verbatim)

Overfull \hbox (24.24522pt too wide) in paragraph at lines 55--55
[]\OT1/cmtt/m/n/12 01001111 01010000 01000101 01010010 01000001 01010100 010010
01 01001111 01001110[] 
 []

File: ../../afferent.pdf Graphic file (type pdf)
<use ../../afferent.pdf>
Package pdftex.def Info: ../../afferent.pdf used on input line 57.
(pdftex.def)             Requested size: 36.5689pt x 32.16039pt.
 [1

{/usr/local/texlive/2014/texmf-var/fonts/map/pdftex/updmap/pdftex.map} <../../a
fferent.pdf>]
File: message5.txt  (verbatim)

Overfull \hbox (24.24522pt too wide) in paragraph at lines 69--69
[]\OT1/cmtt/m/n/12 01001111 01010000 01000101 01010010 01000001 01010100 010010
01 01001111 01001110[] 
 []

File: ../../afferent.pdf Graphic file (type pdf)
<use ../../afferent.pdf>
Package pdftex.def Info: ../../afferent.pdf used on input line 71.
(pdftex.def)             Requested size: 36.5689pt x 32.16039pt.
File: message6.txt  (verbatim)

Overfull \hbox (24.24522pt too wide) in paragraph at lines 83--83
[]\OT1/cmtt/m/n/12 01001111 01010000 01000101 01010010 01000001 01010100 010010
01 01001111 01001110[] 
 []

File: ../../afferent.pdf Graphic file (type pdf)
<use ../../afferent.pdf>
Package pdftex.def Info: ../../afferent.pdf used on input line 85.
(pdftex.def)             Requested size: 36.5689pt x 32.16039pt.
File: message7.txt  (verbatim)

Overfull \hbox (5.72021pt too wide) in paragraph at lines 97--97
[]\OT1/cmtt/m/n/12 74 68 65 72 65 73 65 72 67 72 65 65 6E 35 33 32 40 67 6D 61 
69 6C 2E 63 6F 6D[] 
 []


Overfull \hbox (24.24522pt too wide) in paragraph at lines 97--97
[]\OT1/cmtt/m/n/12 01001111 01010000 01000101 01010010 01000001 01010100 010010
01 01001111 01001110[] 
 []

File: ../../afferent.pdf Graphic file (type pdf)
<use ../../afferent.pdf>
Package pdftex.def Info: ../../afferent.pdf used on input line 99.
(pdftex.def)             Requested size: 36.5689pt x 32.16039pt.
File: message8.txt  (verbatim)

Overfull \hbox (24.24522pt too wide) in paragraph at lines 111--111
[]\OT1/cmtt/m/n/12 01001111 01010000 01000101 01010010 01000001 01010100 010010
01 01001111 01001110[] 
 []

File: ../../afferent.pdf Graphic file (type pdf)
<use ../../afferent.pdf>
Package pdftex.def Info: ../../afferent.pdf used on input line 113.
(pdftex.def)             Requested size: 36.5689pt x 32.16039pt.
 [2] (./message.aux) ) 
Here is how much of TeX's memory you used:
 1547 strings out of 493117
 22499 string characters out of 6135433
 81620 words of memory out of 5000000
 5006 multiletter control sequences out of 15000+600000
 6545 words of font info for 24 fonts, out of 8000000 for 9000
 1141 hyphenation exceptions out of 8191
 37i,5n,23p,233b,192s stack positions out of 5000i,500n,10000p,200000b,80000s
</usr/local/texlive/2014/texmf-dist/fonts/type1/public/am
sfonts/cm/cmr10.pfb></usr/local/texlive/2014/texmf-dist/fonts/type1/public/amsf
onts/cm/cmtt12.pfb>
Output written on message.pdf (2 pages, 862162 bytes).
PDF statistics:
 32 PDF objects out of 1000 (max. 8388607)
 16 compressed objects within 1 object stream
 0 named destinations out of 1000 (max. 500000)
 6 words of extra memory for PDF output out of 10000 (max. 10000000)

